{"reason":"compiler-message","package_id":"path+file:///Users/tal/wudan/dojo/crash3/amaranthine#0.6.0","manifest_path":"/Users/tal/wudan/dojo/crash3/amaranthine/Cargo.toml","target":{"kind":["bin"],"crate_types":["bin"],"name":"amaranthine","src_path":"/Users/tal/wudan/dojo/crash3/amaranthine/src/main.rs","edition":"2021","doc":true,"doctest":false,"test":true},"message":{"$message_type":"diagnostic","message":"this function takes 3 arguments but 2 arguments were supplied","code":{"code":"E0061","explanation":"An invalid number of arguments was passed when calling a function.\n\nErroneous code example:\n\n```compile_fail,E0061\nfn f(u: i32) {}\n\nf(); // error!\n```\n\nThe number of arguments passed to a function must match the number of arguments\nspecified in the function signature.\n\nFor example, a function like:\n\n```\nfn f(a: u16, b: &str) {}\n```\n\nMust always be called with exactly two arguments, e.g., `f(2, \"test\")`.\n\nNote that Rust does not have a notion of optional function arguments or\nvariadic functions (except for its C-FFI).\n"},"level":"error","spans":[{"file_name":"src/context.rs","byte_start":914,"byte_end":922,"line_start":30,"line_end":30,"column_start":51,"column_end":59,"is_primary":false,"text":[{"text":"            out.push_str(&crate::search::run_brief(dir, q)?);","highlight_start":51,"highlight_end":59}],"label":"argument #3 of type `Option<usize>` is missing","suggested_replacement":null,"suggestion_applicability":null,"expansion":null},{"file_name":"src/context.rs","byte_start":890,"byte_end":914,"line_start":30,"line_end":30,"column_start":27,"column_end":51,"is_primary":true,"text":[{"text":"            out.push_str(&crate::search::run_brief(dir, q)?);","highlight_start":27,"highlight_end":51}],"label":null,"suggested_replacement":null,"suggestion_applicability":null,"expansion":null}],"children":[{"message":"function defined here","code":null,"level":"note","spans":[{"file_name":"src/search.rs","byte_start":244,"byte_end":264,"line_start":9,"line_end":9,"column_start":43,"column_end":63,"is_primary":false,"text":[{"text":"pub fn run_brief(dir: &Path, query: &str, limit: Option<usize>) -> Result<String, String> {","highlight_start":43,"highlight_end":63}],"label":"","suggested_replacement":null,"suggestion_applicability":null,"expansion":null},{"file_name":"src/search.rs","byte_start":209,"byte_end":218,"line_start":9,"line_end":9,"column_start":8,"column_end":17,"is_primary":true,"text":[{"text":"pub fn run_brief(dir: &Path, query: &str, limit: Option<usize>) -> Result<String, String> {","highlight_start":8,"highlight_end":17}],"label":null,"suggested_replacement":null,"suggestion_applicability":null,"expansion":null}],"children":[],"rendered":null},{"message":"provide the argument","code":null,"level":"help","spans":[{"file_name":"src/context.rs","byte_start":914,"byte_end":922,"line_start":30,"line_end":30,"column_start":51,"column_end":59,"is_primary":true,"text":[{"text":"            out.push_str(&crate::search::run_brief(dir, q)?);","highlight_start":51,"highlight_end":59}],"label":null,"suggested_replacement":"(dir, q, /* Option<usize> */)","suggestion_applicability":"HasPlaceholders","expansion":null}],"children":[],"rendered":null}],"rendered":"\u001b[1m\u001b[91merror[E0061]\u001b[0m\u001b[1m: this function takes 3 arguments but 2 arguments were supplied\u001b[0m\n  \u001b[1m\u001b[94m--> \u001b[0msrc/context.rs:30:27\n   \u001b[1m\u001b[94m|\u001b[0m\n\u001b[1m\u001b[94m30\u001b[0m \u001b[1m\u001b[94m|\u001b[0m             out.push_str(&crate::search::run_brief(dir, q)?);\n   \u001b[1m\u001b[94m|\u001b[0m                           \u001b[1m\u001b[91m^^^^^^^^^^^^^^^^^^^^^^^^\u001b[0m\u001b[1m\u001b[94m--------\u001b[0m \u001b[1m\u001b[94margument #3 of type `Option<usize>` is missing\u001b[0m\n   \u001b[1m\u001b[94m|\u001b[0m\n\u001b[1m\u001b[92mnote\u001b[0m: function defined here\n  \u001b[1m\u001b[94m--> \u001b[0msrc/search.rs:9:8\n   \u001b[1m\u001b[94m|\u001b[0m\n \u001b[1m\u001b[94m9\u001b[0m \u001b[1m\u001b[94m|\u001b[0m pub fn run_brief(dir: &Path, query: &str, limit: Option<usize>) -> Result<String, String> {\n   \u001b[1m\u001b[94m|\u001b[0m        \u001b[1m\u001b[92m^^^^^^^^^\u001b[0m                          \u001b[1m\u001b[94m--------------------\u001b[0m\n\u001b[1m\u001b[96mhelp\u001b[0m: provide the argument\n   \u001b[1m\u001b[94m|\u001b[0m\n\u001b[1m\u001b[94m30\u001b[0m \u001b[1m\u001b[94m| \u001b[0m            out.push_str(&crate::search::run_brief(dir, q\u001b[92m, /* Option<usize> */\u001b[0m)?);\n   \u001b[1m\u001b[94m|\u001b[0m                                                          \u001b[92m+++++++++++++++++++++\u001b[0m\n\n"}}
{"reason":"compiler-message","package_id":"path+file:///Users/tal/wudan/dojo/crash3/amaranthine#0.6.0","manifest_path":"/Users/tal/wudan/dojo/crash3/amaranthine/Cargo.toml","target":{"kind":["bin"],"crate_types":["bin"],"name":"amaranthine","src_path":"/Users/tal/wudan/dojo/crash3/amaranthine/src/main.rs","edition":"2021","doc":true,"doctest":false,"test":true},"message":{"$message_type":"diagnostic","message":"this function takes 3 arguments but 2 arguments were supplied","code":{"code":"E0061","explanation":"An invalid number of arguments was passed when calling a function.\n\nErroneous code example:\n\n```compile_fail,E0061\nfn f(u: i32) {}\n\nf(); // error!\n```\n\nThe number of arguments passed to a function must match the number of arguments\nspecified in the function signature.\n\nFor example, a function like:\n\n```\nfn f(a: u16, b: &str) {}\n```\n\nMust always be called with exactly two arguments, e.g., `f(2, \"test\")`.\n\nNote that Rust does not have a notion of optional function arguments or\nvariadic functions (except for its C-FFI).\n"},"level":"error","spans":[{"file_name":"src/context.rs","byte_start":914,"byte_end":922,"line_start":30,"line_end":30,"column_start":51,"column_end":59,"is_primary":false,"text":[{"text":"            out.push_str(&crate::search::run_brief(dir, q)?);","highlight_start":51,"highlight_end":59}],"label":"argument #3 of type `Option<usize>` is missing","suggested_replacement":null,"suggestion_applicability":null,"expansion":null},{"file_name":"src/context.rs","byte_start":890,"byte_end":914,"line_start":30,"line_end":30,"column_start":27,"column_end":51,"is_primary":true,"text":[{"text":"            out.push_str(&crate::search::run_brief(dir, q)?);","highlight_start":27,"highlight_end":51}],"label":null,"suggested_replacement":null,"suggestion_applicability":null,"expansion":null}],"children":[{"message":"function defined here","code":null,"level":"note","spans":[{"file_name":"src/search.rs","byte_start":244,"byte_end":264,"line_start":9,"line_end":9,"column_start":43,"column_end":63,"is_primary":false,"text":[{"text":"pub fn run_brief(dir: &Path, query: &str, limit: Option<usize>) -> Result<String, String> {","highlight_start":43,"highlight_end":63}],"label":"","suggested_replacement":null,"suggestion_applicability":null,"expansion":null},{"file_name":"src/search.rs","byte_start":209,"byte_end":218,"line_start":9,"line_end":9,"column_start":8,"column_end":17,"is_primary":true,"text":[{"text":"pub fn run_brief(dir: &Path, query: &str, limit: Option<usize>) -> Result<String, String> {","highlight_start":8,"highlight_end":17}],"label":null,"suggested_replacement":null,"suggestion_applicability":null,"expansion":null}],"children":[],"rendered":null},{"message":"provide the argument","code":null,"level":"help","spans":[{"file_name":"src/context.rs","byte_start":914,"byte_end":922,"line_start":30,"line_end":30,"column_start":51,"column_end":59,"is_primary":true,"text":[{"text":"            out.push_str(&crate::search::run_brief(dir, q)?);","highlight_start":51,"highlight_end":59}],"label":null,"suggested_replacement":"(dir, q, /* Option<usize> */)","suggestion_applicability":"HasPlaceholders","expansion":null}],"children":[],"rendered":null}],"rendered":"\u001b[1m\u001b[91merror[E0061]\u001b[0m\u001b[1m: this function takes 3 arguments but 2 arguments were supplied\u001b[0m\n  \u001b[1m\u001b[94m--> \u001b[0msrc/context.rs:30:27\n   \u001b[1m\u001b[94m|\u001b[0m\n\u001b[1m\u001b[94m30\u001b[0m \u001b[1m\u001b[94m|\u001b[0m             out.push_str(&crate::search::run_brief(dir, q)?);\n   \u001b[1m\u001b[94m|\u001b[0m                           \u001b[1m\u001b[91m^^^^^^^^^^^^^^^^^^^^^^^^\u001b[0m\u001b[1m\u001b[94m--------\u001b[0m \u001b[1m\u001b[94margument #3 of type `Option<usize>` is missing\u001b[0m\n   \u001b[1m\u001b[94m|\u001b[0m\n\u001b[1m\u001b[92mnote\u001b[0m: function defined here\n  \u001b[1m\u001b[94m--> \u001b[0msrc/search.rs:9:8\n   \u001b[1m\u001b[94m|\u001b[0m\n \u001b[1m\u001b[94m9\u001b[0m \u001b[1m\u001b[94m|\u001b[0m pub fn run_brief(dir: &Path, query: &str, limit: Option<usize>) -> Result<String, String> {\n   \u001b[1m\u001b[94m|\u001b[0m        \u001b[1m\u001b[92m^^^^^^^^^\u001b[0m                          \u001b[1m\u001b[94m--------------------\u001b[0m\n\u001b[1m\u001b[96mhelp\u001b[0m: provide the argument\n   \u001b[1m\u001b[94m|\u001b[0m\n\u001b[1m\u001b[94m30\u001b[0m \u001b[1m\u001b[94m| \u001b[0m            out.push_str(&crate::search::run_brief(dir, q\u001b[92m, /* Option<usize> */\u001b[0m)?);\n   \u001b[1m\u001b[94m|\u001b[0m                                                          \u001b[92m+++++++++++++++++++++\u001b[0m\n\n"}}
{"reason":"compiler-message","package_id":"path+file:///Users/tal/wudan/dojo/crash3/amaranthine#0.6.0","manifest_path":"/Users/tal/wudan/dojo/crash3/amaranthine/Cargo.toml","target":{"kind":["bin"],"crate_types":["bin"],"name":"amaranthine","src_path":"/Users/tal/wudan/dojo/crash3/amaranthine/src/main.rs","edition":"2021","doc":true,"doctest":false,"test":true},"message":{"$message_type":"diagnostic","message":"this function takes 4 arguments but 3 arguments were supplied","code":{"code":"E0061","explanation":"An invalid number of arguments was passed when calling a function.\n\nErroneous code example:\n\n```compile_fail,E0061\nfn f(u: i32) {}\n\nf(); // error!\n```\n\nThe number of arguments passed to a function must match the number of arguments\nspecified in the function signature.\n\nFor example, a function like:\n\n```\nfn f(a: u16, b: &str) {}\n```\n\nMust always be called with exactly two arguments, e.g., `f(2, \"test\")`.\n\nNote that Rust does not have a notion of optional function arguments or\nvariadic functions (except for its C-FFI).\n"},"level":"error","spans":[{"file_name":"src/context.rs","byte_start":1050,"byte_end":1065,"line_start":33,"line_end":33,"column_start":45,"column_end":60,"is_primary":false,"text":[{"text":"            out.push_str(&crate::search::run(dir, q, plain)?);","highlight_start":45,"highlight_end":60}],"label":"argument #4 of type `Option<usize>` is missing","suggested_replacement":null,"suggestion_applicability":null,"expansion":null},{"file_name":"src/context.rs","byte_start":1032,"byte_end":1050,"line_start":33,"line_end":33,"column_start":27,"column_end":45,"is_primary":true,"text":[{"text":"            out.push_str(&crate::search::run(dir, q, plain)?);","highlight_start":27,"highlight_end":45}],"label":null,"suggested_replacement":null,"suggestion_applicability":null,"expansion":null}],"children":[{"message":"function defined here","code":null,"level":"note","spans":[{"file_name":"src/search.rs","byte_start":105,"byte_end":125,"line_start":5,"line_end":5,"column_start":50,"column_end":70,"is_primary":false,"text":[{"text":"pub fn run(dir: &Path, query: &str, plain: bool, limit: Option<usize>) -> Result<String, String> {","highlight_start":50,"highlight_end":70}],"label":"","suggested_replacement":null,"suggestion_applicability":null,"expansion":null},{"file_name":"src/search.rs","byte_start":63,"byte_end":66,"line_start":5,"line_end":5,"column_start":8,"column_end":11,"is_primary":true,"text":[{"text":"pub fn run(dir: &Path, query: &str, plain: bool, limit: Option<usize>) -> Result<String, String> {","highlight_start":8,"highlight_end":11}],"label":null,"suggested_replacement":null,"suggestion_applicability":null,"expansion":null}],"children":[],"rendered":null},{"message":"provide the argument","code":null,"level":"help","spans":[{"file_name":"src/context.rs","byte_start":1050,"byte_end":1065,"line_start":33,"line_end":33,"column_start":45,"column_end":60,"is_primary":true,"text":[{"text":"            out.push_str(&crate::search::run(dir, q, plain)?);","highlight_start":45,"highlight_end":60}],"label":null,"suggested_replacement":"(dir, q, plain, /* Option<usize> */)","suggestion_applicability":"HasPlaceholders","expansion":null}],"children":[],"rendered":null}],"rendered":"\u001b[1m\u001b[91merror[E0061]\u001b[0m\u001b[1m: this function takes 4 arguments but 3 arguments were supplied\u001b[0m\n  \u001b[1m\u001b[94m--> \u001b[0msrc/context.rs:33:27\n   \u001b[1m\u001b[94m|\u001b[0m\n\u001b[1m\u001b[94m33\u001b[0m \u001b[1m\u001b[94m|\u001b[0m             out.push_str(&crate::search::run(dir, q, plain)?);\n   \u001b[1m\u001b[94m|\u001b[0m                           \u001b[1m\u001b[91m^^^^^^^^^^^^^^^^^^\u001b[0m\u001b[1m\u001b[94m---------------\u001b[0m \u001b[1m\u001b[94margument #4 of type `Option<usize>` is missing\u001b[0m\n   \u001b[1m\u001b[94m|\u001b[0m\n\u001b[1m\u001b[92mnote\u001b[0m: function defined here\n  \u001b[1m\u001b[94m--> \u001b[0msrc/search.rs:5:8\n   \u001b[1m\u001b[94m|\u001b[0m\n \u001b[1m\u001b[94m5\u001b[0m \u001b[1m\u001b[94m|\u001b[0m pub fn run(dir: &Path, query: &str, plain: bool, limit: Option<usize>) -> Result<String, String> {\n   \u001b[1m\u001b[94m|\u001b[0m        \u001b[1m\u001b[92m^^^\u001b[0m                                       \u001b[1m\u001b[94m--------------------\u001b[0m\n\u001b[1m\u001b[96mhelp\u001b[0m: provide the argument\n   \u001b[1m\u001b[94m|\u001b[0m\n\u001b[1m\u001b[94m33\u001b[0m \u001b[1m\u001b[94m| \u001b[0m            out.push_str(&crate::search::run(dir, q, plain\u001b[92m, /* Option<usize> */\u001b[0m)?);\n   \u001b[1m\u001b[94m|\u001b[0m                                                           \u001b[92m+++++++++++++++++++++\u001b[0m\n\n"}}
{"reason":"compiler-message","package_id":"path+file:///Users/tal/wudan/dojo/crash3/amaranthine#0.6.0","manifest_path":"/Users/tal/wudan/dojo/crash3/amaranthine/Cargo.toml","target":{"kind":["bin"],"crate_types":["bin"],"name":"amaranthine","src_path":"/Users/tal/wudan/dojo/crash3/amaranthine/src/main.rs","edition":"2021","doc":true,"doctest":false,"test":true},"message":{"$message_type":"diagnostic","message":"this function takes 4 arguments but 3 arguments were supplied","code":{"code":"E0061","explanation":"An invalid number of arguments was passed when calling a function.\n\nErroneous code example:\n\n```compile_fail,E0061\nfn f(u: i32) {}\n\nf(); // error!\n```\n\nThe number of arguments passed to a function must match the number of arguments\nspecified in the function signature.\n\nFor example, a function like:\n\n```\nfn f(a: u16, b: &str) {}\n```\n\nMust always be called with exactly two arguments, e.g., `f(2, \"test\")`.\n\nNote that Rust does not have a notion of optional function arguments or\nvariadic functions (except for its C-FFI).\n"},"level":"error","spans":[{"file_name":"src/context.rs","byte_start":1050,"byte_end":1065,"line_start":33,"line_end":33,"column_start":45,"column_end":60,"is_primary":false,"text":[{"text":"            out.push_str(&crate::search::run(dir, q, plain)?);","highlight_start":45,"highlight_end":60}],"label":"argument #4 of type `Option<usize>` is missing","suggested_replacement":null,"suggestion_applicability":null,"expansion":null},{"file_name":"src/context.rs","byte_start":1032,"byte_end":1050,"line_start":33,"line_end":33,"column_start":27,"column_end":45,"is_primary":true,"text":[{"text":"            out.push_str(&crate::search::run(dir, q, plain)?);","highlight_start":27,"highlight_end":45}],"label":null,"suggested_replacement":null,"suggestion_applicability":null,"expansion":null}],"children":[{"message":"function defined here","code":null,"level":"note","spans":[{"file_name":"src/search.rs","byte_start":105,"byte_end":125,"line_start":5,"line_end":5,"column_start":50,"column_end":70,"is_primary":false,"text":[{"text":"pub fn run(dir: &Path, query: &str, plain: bool, limit: Option<usize>) -> Result<String, String> {","highlight_start":50,"highlight_end":70}],"label":"","suggested_replacement":null,"suggestion_applicability":null,"expansion":null},{"file_name":"src/search.rs","byte_start":63,"byte_end":66,"line_start":5,"line_end":5,"column_start":8,"column_end":11,"is_primary":true,"text":[{"text":"pub fn run(dir: &Path, query: &str, plain: bool, limit: Option<usize>) -> Result<String, String> {","highlight_start":8,"highlight_end":11}],"label":null,"suggested_replacement":null,"suggestion_applicability":null,"expansion":null}],"children":[],"rendered":null},{"message":"provide the argument","code":null,"level":"help","spans":[{"file_name":"src/context.rs","byte_start":1050,"byte_end":1065,"line_start":33,"line_end":33,"column_start":45,"column_end":60,"is_primary":true,"text":[{"text":"            out.push_str(&crate::search::run(dir, q, plain)?);","highlight_start":45,"highlight_end":60}],"label":null,"suggested_replacement":"(dir, q, plain, /* Option<usize> */)","suggestion_applicability":"HasPlaceholders","expansion":null}],"children":[],"rendered":null}],"rendered":"\u001b[1m\u001b[91merror[E0061]\u001b[0m\u001b[1m: this function takes 4 arguments but 3 arguments were supplied\u001b[0m\n  \u001b[1m\u001b[94m--> \u001b[0msrc/context.rs:33:27\n   \u001b[1m\u001b[94m|\u001b[0m\n\u001b[1m\u001b[94m33\u001b[0m \u001b[1m\u001b[94m|\u001b[0m             out.push_str(&crate::search::run(dir, q, plain)?);\n   \u001b[1m\u001b[94m|\u001b[0m                           \u001b[1m\u001b[91m^^^^^^^^^^^^^^^^^^\u001b[0m\u001b[1m\u001b[94m---------------\u001b[0m \u001b[1m\u001b[94margument #4 of type `Option<usize>` is missing\u001b[0m\n   \u001b[1m\u001b[94m|\u001b[0m\n\u001b[1m\u001b[92mnote\u001b[0m: function defined here\n  \u001b[1m\u001b[94m--> \u001b[0msrc/search.rs:5:8\n   \u001b[1m\u001b[94m|\u001b[0m\n \u001b[1m\u001b[94m5\u001b[0m \u001b[1m\u001b[94m|\u001b[0m pub fn run(dir: &Path, query: &str, plain: bool, limit: Option<usize>) -> Result<String, String> {\n   \u001b[1m\u001b[94m|\u001b[0m        \u001b[1m\u001b[92m^^^\u001b[0m                                       \u001b[1m\u001b[94m--------------------\u001b[0m\n\u001b[1m\u001b[96mhelp\u001b[0m: provide the argument\n   \u001b[1m\u001b[94m|\u001b[0m\n\u001b[1m\u001b[94m33\u001b[0m \u001b[1m\u001b[94m| \u001b[0m            out.push_str(&crate::search::run(dir, q, plain\u001b[92m, /* Option<usize> */\u001b[0m)?);\n   \u001b[1m\u001b[94m|\u001b[0m                                                           \u001b[92m+++++++++++++++++++++\u001b[0m\n\n"}}
{"reason":"compiler-message","package_id":"path+file:///Users/tal/wudan/dojo/crash3/amaranthine#0.6.0","manifest_path":"/Users/tal/wudan/dojo/crash3/amaranthine/Cargo.toml","target":{"kind":["bin"],"crate_types":["bin"],"name":"amaranthine","src_path":"/Users/tal/wudan/dojo/crash3/amaranthine/src/main.rs","edition":"2021","doc":true,"doctest":false,"test":true},"message":{"$message_type":"diagnostic","message":"For more information about this error, try `rustc --explain E0061`.","code":null,"level":"failure-note","spans":[],"children":[],"rendered":"\u001b[1mFor more information about this error, try `rustc --explain E0061`.\u001b[0m\n"}}
{"reason":"compiler-message","package_id":"path+file:///Users/tal/wudan/dojo/crash3/amaranthine#0.6.0","manifest_path":"/Users/tal/wudan/dojo/crash3/amaranthine/Cargo.toml","target":{"kind":["bin"],"crate_types":["bin"],"name":"amaranthine","src_path":"/Users/tal/wudan/dojo/crash3/amaranthine/src/main.rs","edition":"2021","doc":true,"doctest":false,"test":true},"message":{"$message_type":"diagnostic","message":"For more information about this error, try `rustc --explain E0061`.","code":null,"level":"failure-note","spans":[],"children":[],"rendered":"\u001b[1mFor more information about this error, try `rustc --explain E0061`.\u001b[0m\n"}}
{"reason":"build-finished","success":false}
